{"/home/openclaw/projects/openclaw-mission-control/src/lib/billing.ts": {"path":"/home/openclaw/projects/openclaw-mission-control/src/lib/billing.ts","statementMap":{"0":{"start":{"line":14,"column":0},"end":{"line":14,"column":7}},"1":{"start":{"line":26,"column":0},"end":{"line":26,"column":7}},"2":{"start":{"line":41,"column":0},"end":{"line":41,"column":7}},"3":{"start":{"line":69,"column":0},"end":{"line":69,"column":16}},"4":{"start":{"line":76,"column":0},"end":{"line":76,"column":16}},"5":{"start":{"line":82,"column":0},"end":{"line":82,"column":7}},"6":{"start":{"line":112,"column":0},"end":{"line":112,"column":7}},"7":{"start":{"line":1,"column":0},"end":{"line":1,"column":38}},"8":{"start":{"line":2,"column":0},"end":{"line":2,"column":30}},"9":{"start":{"line":3,"column":0},"end":{"line":3,"column":44}},"10":{"start":{"line":8,"column":47},"end":{"line":12,"column":2}},"11":{"start":{"line":15,"column":25},"end":{"line":19,"column":13}},"12":{"start":{"line":21,"column":15},"end":{"line":21,"column":60}},"13":{"start":{"line":22,"column":2},"end":{"line":22,"column":53}},"14":{"start":{"line":22,"column":41},"end":{"line":22,"column":53}},"15":{"start":{"line":23,"column":2},"end":{"line":23,"column":16}},"16":{"start":{"line":27,"column":18},"end":{"line":27,"column":47}},"17":{"start":{"line":28,"column":2},"end":{"line":28,"column":50}},"18":{"start":{"line":42,"column":25},"end":{"line":46,"column":13}},"19":{"start":{"line":48,"column":2},"end":{"line":58,"column":3}},"20":{"start":{"line":49,"column":4},"end":{"line":57,"column":6}},"21":{"start":{"line":60,"column":15},"end":{"line":60,"column":47}},"22":{"start":{"line":61,"column":2},"end":{"line":65,"column":null}},"23":{"start":{"line":70,"column":14},"end":{"line":70,"column":49}},"24":{"start":{"line":71,"column":2},"end":{"line":71,"column":55}},"25":{"start":{"line":74,"column":13},"end":{"line":74,"column":57}},"26":{"start":{"line":77,"column":16},"end":{"line":77,"column":35}},"27":{"start":{"line":78,"column":2},"end":{"line":78,"column":41}},"28":{"start":{"line":78,"column":31},"end":{"line":78,"column":41}},"29":{"start":{"line":79,"column":2},"end":{"line":79,"column":40}},"30":{"start":{"line":91,"column":14},"end":{"line":91,"column":24}},"31":{"start":{"line":92,"column":18},"end":{"line":101,"column":4}},"32":{"start":{"line":103,"column":2},"end":{"line":109,"column":7}},"33":{"start":{"line":113,"column":21},"end":{"line":117,"column":13}},"34":{"start":{"line":119,"column":2},"end":{"line":119,"column":24}},"35":{"start":{"line":119,"column":17},"end":{"line":119,"column":24}},"36":{"start":{"line":121,"column":2},"end":{"line":129,"column":98}}},"fnMap":{"0":{"name":"getTenantPlan","decl":{"start":{"line":14,"column":22},"end":{"line":14,"column":35}},"loc":{"start":{"line":14,"column":52},"end":{"line":24,"column":1}}},"1":{"name":"requirePlan","decl":{"start":{"line":26,"column":22},"end":{"line":26,"column":33}},"loc":{"start":{"line":26,"column":75},"end":{"line":29,"column":1}}},"2":{"name":"getTenantSubscription","decl":{"start":{"line":41,"column":22},"end":{"line":41,"column":43}},"loc":{"start":{"line":41,"column":60},"end":{"line":67,"column":1}}},"3":{"name":"isPlaceholderMode","decl":{"start":{"line":69,"column":16},"end":{"line":69,"column":33}},"loc":{"start":{"line":69,"column":33},"end":{"line":72,"column":1}}},"4":{"name":"getTeamSeatCount","decl":{"start":{"line":76,"column":16},"end":{"line":76,"column":32}},"loc":{"start":{"line":76,"column":47},"end":{"line":80,"column":1}}},"5":{"name":"upsertTenantSubscription","decl":{"start":{"line":82,"column":22},"end":{"line":82,"column":46}},"loc":{"start":{"line":90,"column":1},"end":{"line":110,"column":1}}},"6":{"name":"cancelTenantSubscriptionByStripeId","decl":{"start":{"line":112,"column":22},"end":{"line":112,"column":56}},"loc":{"start":{"line":112,"column":85},"end":{"line":130,"column":1}}}},"branchMap":{"0":{"loc":{"start":{"line":21,"column":15},"end":{"line":21,"column":60}},"type":"cond-expr","locations":[{"start":{"line":21,"column":27},"end":{"line":21,"column":29}},{"start":{"line":21,"column":15},"end":{"line":21,"column":60}}]},"1":{"loc":{"start":{"line":21,"column":15},"end":{"line":21,"column":29}},"type":"binary-expr","locations":[{"start":{"line":21,"column":15},"end":{"line":21,"column":29}},{"start":{"line":21,"column":15},"end":{"line":21,"column":29}}]},"2":{"loc":{"start":{"line":22,"column":2},"end":{"line":22,"column":53}},"type":"if","locations":[{"start":{"line":22,"column":2},"end":{"line":22,"column":53}}]},"3":{"loc":{"start":{"line":22,"column":6},"end":{"line":22,"column":39}},"type":"binary-expr","locations":[{"start":{"line":22,"column":6},"end":{"line":22,"column":20}},{"start":{"line":22,"column":24},"end":{"line":22,"column":39}}]},"4":{"loc":{"start":{"line":48,"column":2},"end":{"line":58,"column":3}},"type":"if","locations":[{"start":{"line":48,"column":2},"end":{"line":58,"column":3}}]},"5":{"loc":{"start":{"line":63,"column":10},"end":{"line":63,"column":59}},"type":"cond-expr","locations":[{"start":{"line":63,"column":46},"end":{"line":63,"column":50}},{"start":{"line":63,"column":53},"end":{"line":63,"column":59}}]},"6":{"loc":{"start":{"line":63,"column":10},"end":{"line":63,"column":43}},"type":"binary-expr","locations":[{"start":{"line":63,"column":10},"end":{"line":63,"column":24}},{"start":{"line":63,"column":28},"end":{"line":63,"column":43}}]},"7":{"loc":{"start":{"line":64,"column":13},"end":{"line":64,"column":44}},"type":"cond-expr","locations":[{"start":{"line":64,"column":32},"end":{"line":64,"column":36}},{"start":{"line":64,"column":36},"end":{"line":64,"column":44}}]},"8":{"loc":{"start":{"line":64,"column":13},"end":{"line":64,"column":36}},"type":"binary-expr","locations":[{"start":{"line":64,"column":13},"end":{"line":64,"column":36}},{"start":{"line":64,"column":32},"end":{"line":64,"column":36}}]},"9":{"loc":{"start":{"line":65,"column":11},"end":{"line":65,"column":34}},"type":"cond-expr","locations":[{"start":{"line":65,"column":29},"end":{"line":65,"column":33}},{"start":{"line":65,"column":33},"end":{"line":65,"column":34}}]},"10":{"loc":{"start":{"line":65,"column":11},"end":{"line":65,"column":33}},"type":"binary-expr","locations":[{"start":{"line":65,"column":11},"end":{"line":65,"column":33}},{"start":{"line":65,"column":29},"end":{"line":65,"column":33}}]},"11":{"loc":{"start":{"line":70,"column":14},"end":{"line":70,"column":49}},"type":"cond-expr","locations":[{"start":{"line":70,"column":43},"end":{"line":70,"column":47}},{"start":{"line":70,"column":47},"end":{"line":70,"column":49}}]},"12":{"loc":{"start":{"line":70,"column":14},"end":{"line":70,"column":47}},"type":"binary-expr","locations":[{"start":{"line":70,"column":14},"end":{"line":70,"column":47}},{"start":{"line":70,"column":43},"end":{"line":70,"column":47}}]},"13":{"loc":{"start":{"line":71,"column":9},"end":{"line":71,"column":54}},"type":"binary-expr","locations":[{"start":{"line":71,"column":9},"end":{"line":71,"column":13}},{"start":{"line":71,"column":17},"end":{"line":71,"column":54}}]},"14":{"loc":{"start":{"line":77,"column":23},"end":{"line":77,"column":34}},"type":"cond-expr","locations":[{"start":{"line":77,"column":23},"end":{"line":77,"column":28}},{"start":{"line":77,"column":32},"end":{"line":77,"column":34}}]},"15":{"loc":{"start":{"line":77,"column":23},"end":{"line":77,"column":32}},"type":"binary-expr","locations":[{"start":{"line":77,"column":23},"end":{"line":77,"column":32}},{"start":{"line":77,"column":23},"end":{"line":77,"column":32}}]},"16":{"loc":{"start":{"line":78,"column":2},"end":{"line":78,"column":41}},"type":"if","locations":[{"start":{"line":78,"column":2},"end":{"line":78,"column":41}}]},"17":{"loc":{"start":{"line":95,"column":11},"end":{"line":95,"column":26}},"type":"cond-expr","locations":[{"start":{"line":95,"column":21},"end":{"line":95,"column":25}},{"start":{"line":95,"column":25},"end":{"line":95,"column":26}}]},"18":{"loc":{"start":{"line":95,"column":11},"end":{"line":95,"column":25}},"type":"binary-expr","locations":[{"start":{"line":95,"column":11},"end":{"line":95,"column":25}},{"start":{"line":95,"column":21},"end":{"line":95,"column":25}}]},"19":{"loc":{"start":{"line":96,"column":12},"end":{"line":96,"column":35}},"type":"cond-expr","locations":[{"start":{"line":96,"column":23},"end":{"line":96,"column":27}},{"start":{"line":96,"column":27},"end":{"line":96,"column":35}}]},"20":{"loc":{"start":{"line":96,"column":12},"end":{"line":96,"column":27}},"type":"binary-expr","locations":[{"start":{"line":96,"column":12},"end":{"line":96,"column":27}},{"start":{"line":96,"column":23},"end":{"line":96,"column":27}}]},"21":{"loc":{"start":{"line":97,"column":22},"end":{"line":97,"column":51}},"type":"cond-expr","locations":[{"start":{"line":97,"column":43},"end":{"line":97,"column":47}},{"start":{"line":97,"column":47},"end":{"line":97,"column":51}}]},"22":{"loc":{"start":{"line":97,"column":22},"end":{"line":97,"column":47}},"type":"binary-expr","locations":[{"start":{"line":97,"column":22},"end":{"line":97,"column":47}},{"start":{"line":97,"column":43},"end":{"line":97,"column":47}}]},"23":{"loc":{"start":{"line":98,"column":26},"end":{"line":98,"column":59}},"type":"cond-expr","locations":[{"start":{"line":98,"column":51},"end":{"line":98,"column":55}},{"start":{"line":98,"column":55},"end":{"line":98,"column":59}}]},"24":{"loc":{"start":{"line":98,"column":26},"end":{"line":98,"column":55}},"type":"binary-expr","locations":[{"start":{"line":98,"column":26},"end":{"line":98,"column":55}},{"start":{"line":98,"column":51},"end":{"line":98,"column":55}}]},"25":{"loc":{"start":{"line":99,"column":22},"end":{"line":99,"column":51}},"type":"cond-expr","locations":[{"start":{"line":99,"column":43},"end":{"line":99,"column":47}},{"start":{"line":99,"column":47},"end":{"line":99,"column":51}}]},"26":{"loc":{"start":{"line":99,"column":22},"end":{"line":99,"column":47}},"type":"binary-expr","locations":[{"start":{"line":99,"column":22},"end":{"line":99,"column":47}},{"start":{"line":99,"column":43},"end":{"line":99,"column":47}}]},"27":{"loc":{"start":{"line":119,"column":2},"end":{"line":119,"column":24}},"type":"if","locations":[{"start":{"line":119,"column":2},"end":{"line":119,"column":24}}]}},"s":{"0":1,"1":1,"2":1,"3":1,"4":1,"5":1,"6":1,"7":1,"8":1,"9":1,"10":1,"11":4,"12":4,"13":4,"14":2,"15":2,"16":2,"17":2,"18":3,"19":3,"20":1,"21":2,"22":2,"23":3,"24":3,"25":1,"26":3,"27":3,"28":1,"29":2,"30":1,"31":1,"32":1,"33":2,"34":2,"35":1,"36":1},"f":{"0":4,"1":2,"2":3,"3":3,"4":3,"5":1,"6":2},"b":{"0":[0,4],"1":[4,4],"2":[2],"3":[4,3],"4":[1],"5":[1,1],"6":[2,2],"7":[1,1],"8":[2,1],"9":[1,1],"10":[2,1],"11":[3,0],"12":[3,3],"13":[3,3],"14":[3,0],"15":[3,3],"16":[1],"17":[1,0],"18":[1,1],"19":[0,1],"20":[1,1],"21":[0,1],"22":[1,1],"23":[0,1],"24":[1,1],"25":[0,1],"26":[1,1],"27":[1]}}
,"/home/openclaw/projects/openclaw-mission-control/src/lib/streak.ts": {"path":"/home/openclaw/projects/openclaw-mission-control/src/lib/streak.ts","statementMap":{"0":{"start":{"line":22,"column":0},"end":{"line":22,"column":7}},"1":{"start":{"line":1,"column":0},"end":{"line":1,"column":38}},"2":{"start":{"line":2,"column":0},"end":{"line":2,"column":30}},"3":{"start":{"line":3,"column":0},"end":{"line":3,"column":38}},"4":{"start":{"line":4,"column":0},"end":{"line":4,"column":45}},"5":{"start":{"line":12,"column":19},"end":{"line":12,"column":38}},"6":{"start":{"line":15,"column":2},"end":{"line":15,"column":41}},"7":{"start":{"line":19,"column":2},"end":{"line":19,"column":42}},"8":{"start":{"line":23,"column":16},"end":{"line":23,"column":24}},"9":{"start":{"line":25,"column":21},"end":{"line":29,"column":13}},"10":{"start":{"line":31,"column":2},"end":{"line":47,"column":3}},"11":{"start":{"line":32,"column":22},"end":{"line":42,"column":18}},"12":{"start":{"line":44,"column":4},"end":{"line":44,"column":74}},"13":{"start":{"line":46,"column":4},"end":{"line":46,"column":110}},"14":{"start":{"line":49,"column":2},"end":{"line":55,"column":3}},"15":{"start":{"line":50,"column":4},"end":{"line":54,"column":6}},"16":{"start":{"line":57,"column":20},"end":{"line":57,"column":21}},"17":{"start":{"line":58,"column":2},"end":{"line":63,"column":3}},"18":{"start":{"line":59,"column":17},"end":{"line":59,"column":65}},"19":{"start":{"line":60,"column":16},"end":{"line":60,"column":44}},"20":{"start":{"line":61,"column":22},"end":{"line":61,"column":59}},"21":{"start":{"line":62,"column":4},"end":{"line":62,"column":67}},"22":{"start":{"line":65,"column":22},"end":{"line":65,"column":67}},"23":{"start":{"line":67,"column":20},"end":{"line":76,"column":16}},"24":{"start":{"line":78,"column":2},"end":{"line":78,"column":72}},"25":{"start":{"line":80,"column":2},"end":{"line":84,"column":4}}},"fnMap":{"0":{"name":"utcDay","decl":{"start":{"line":14,"column":9},"end":{"line":14,"column":15}},"loc":{"start":{"line":14,"column":33},"end":{"line":16,"column":1}}},"1":{"name":"parseUtcDay","decl":{"start":{"line":18,"column":9},"end":{"line":18,"column":20}},"loc":{"start":{"line":18,"column":32},"end":{"line":20,"column":1}}},"2":{"name":"updateStreakForActivity","decl":{"start":{"line":22,"column":22},"end":{"line":22,"column":45}},"loc":{"start":{"line":22,"column":81},"end":{"line":85,"column":1}}}},"branchMap":{"0":{"loc":{"start":{"line":14,"column":16},"end":{"line":14,"column":33}},"type":"default-arg","locations":[{"start":{"line":14,"column":23},"end":{"line":14,"column":33}}]},"1":{"loc":{"start":{"line":31,"column":2},"end":{"line":47,"column":3}},"type":"if","locations":[{"start":{"line":31,"column":2},"end":{"line":47,"column":3}}]},"2":{"loc":{"start":{"line":49,"column":2},"end":{"line":55,"column":3}},"type":"if","locations":[{"start":{"line":49,"column":2},"end":{"line":55,"column":3}}]},"3":{"loc":{"start":{"line":58,"column":2},"end":{"line":63,"column":3}},"type":"if","locations":[{"start":{"line":58,"column":2},"end":{"line":63,"column":3}}]},"4":{"loc":{"start":{"line":62,"column":18},"end":{"line":62,"column":66}},"type":"cond-expr","locations":[{"start":{"line":62,"column":36},"end":{"line":62,"column":62}},{"start":{"line":62,"column":65},"end":{"line":62,"column":66}}]}},"s":{"0":1,"1":1,"2":1,"3":1,"4":1,"5":1,"6":3,"7":2,"8":3,"9":3,"10":3,"11":1,"12":1,"13":1,"14":2,"15":1,"16":1,"17":1,"18":1,"19":1,"20":1,"21":1,"22":1,"23":1,"24":1,"25":1},"f":{"0":3,"1":2,"2":3},"b":{"0":[3],"1":[1],"2":[1],"3":[1],"4":[1,0]}}
,"/home/openclaw/projects/openclaw-mission-control/src/lib/tenant.ts": {"path":"/home/openclaw/projects/openclaw-mission-control/src/lib/tenant.ts","statementMap":{"0":{"start":{"line":10,"column":0},"end":{"line":10,"column":16}},"1":{"start":{"line":29,"column":0},"end":{"line":29,"column":7}},"2":{"start":{"line":2,"column":0},"end":{"line":2,"column":33}},"3":{"start":{"line":3,"column":0},"end":{"line":3,"column":30}},"4":{"start":{"line":4,"column":0},"end":{"line":4,"column":42}},"5":{"start":{"line":5,"column":0},"end":{"line":5,"column":34}},"6":{"start":{"line":11,"column":16},"end":{"line":11,"column":46}},"7":{"start":{"line":12,"column":2},"end":{"line":15,"column":3}},"8":{"start":{"line":13,"column":15},"end":{"line":13,"column":28}},"9":{"start":{"line":14,"column":4},"end":{"line":14,"column":49}},"10":{"start":{"line":14,"column":39},"end":{"line":14,"column":49}},"11":{"start":{"line":17,"column":21},"end":{"line":17,"column":59}},"12":{"start":{"line":18,"column":16},"end":{"line":18,"column":60}},"13":{"start":{"line":19,"column":2},"end":{"line":19,"column":58}},"14":{"start":{"line":19,"column":49},"end":{"line":19,"column":58}},"15":{"start":{"line":21,"column":2},"end":{"line":21,"column":14}},"16":{"start":{"line":30,"column":15},"end":{"line":30,"column":31}},"17":{"start":{"line":31,"column":2},"end":{"line":31,"column":33}},"18":{"start":{"line":31,"column":21},"end":{"line":31,"column":33}},"19":{"start":{"line":34,"column":16},"end":{"line":34,"column":47}},"20":{"start":{"line":35,"column":2},"end":{"line":42,"column":3}},"21":{"start":{"line":36,"column":18},"end":{"line":40,"column":15}},"22":{"start":{"line":41,"column":4},"end":{"line":41,"column":43}},"23":{"start":{"line":41,"column":23},"end":{"line":41,"column":43}},"24":{"start":{"line":45,"column":2},"end":{"line":58,"column":3}},"25":{"start":{"line":46,"column":20},"end":{"line":46,"column":32}},"26":{"start":{"line":47,"column":4},"end":{"line":47,"column":71}},"27":{"start":{"line":47,"column":47},"end":{"line":47,"column":71}},"28":{"start":{"line":48,"column":4},"end":{"line":55,"column":5}},"29":{"start":{"line":49,"column":20},"end":{"line":53,"column":17}},"30":{"start":{"line":54,"column":6},"end":{"line":54,"column":45}},"31":{"start":{"line":54,"column":25},"end":{"line":54,"column":45}},"32":{"start":{"line":60,"column":2},"end":{"line":60,"column":14}}},"fnMap":{"0":{"name":"getTenantId","decl":{"start":{"line":10,"column":16},"end":{"line":10,"column":27}},"loc":{"start":{"line":10,"column":44},"end":{"line":22,"column":1}}},"1":{"name":"resolveTenantId","decl":{"start":{"line":29,"column":22},"end":{"line":29,"column":37}},"loc":{"start":{"line":29,"column":54},"end":{"line":61,"column":1}}}},"branchMap":{"0":{"loc":{"start":{"line":12,"column":2},"end":{"line":15,"column":3}},"type":"if","locations":[{"start":{"line":12,"column":2},"end":{"line":15,"column":3}}]},"1":{"loc":{"start":{"line":14,"column":4},"end":{"line":14,"column":49}},"type":"if","locations":[{"start":{"line":14,"column":4},"end":{"line":14,"column":49}}]},"2":{"loc":{"start":{"line":14,"column":8},"end":{"line":14,"column":37}},"type":"binary-expr","locations":[{"start":{"line":14,"column":8},"end":{"line":14,"column":27}},{"start":{"line":14,"column":31},"end":{"line":14,"column":37}}]},"3":{"loc":{"start":{"line":17,"column":21},"end":{"line":17,"column":59}},"type":"cond-expr","locations":[{"start":{"line":17,"column":53},"end":{"line":17,"column":57}},{"start":{"line":17,"column":57},"end":{"line":17,"column":59}}]},"4":{"loc":{"start":{"line":17,"column":21},"end":{"line":17,"column":57}},"type":"binary-expr","locations":[{"start":{"line":17,"column":21},"end":{"line":17,"column":57}},{"start":{"line":17,"column":53},"end":{"line":17,"column":57}}]},"5":{"loc":{"start":{"line":19,"column":2},"end":{"line":19,"column":58}},"type":"if","locations":[{"start":{"line":19,"column":2},"end":{"line":19,"column":58}}]},"6":{"loc":{"start":{"line":19,"column":6},"end":{"line":19,"column":47}},"type":"binary-expr","locations":[{"start":{"line":19,"column":6},"end":{"line":19,"column":11}},{"start":{"line":19,"column":15},"end":{"line":19,"column":47}}]},"7":{"loc":{"start":{"line":31,"column":2},"end":{"line":31,"column":33}},"type":"if","locations":[{"start":{"line":31,"column":2},"end":{"line":31,"column":33}}]},"8":{"loc":{"start":{"line":35,"column":2},"end":{"line":42,"column":3}},"type":"if","locations":[{"start":{"line":35,"column":2},"end":{"line":42,"column":3}}]},"9":{"loc":{"start":{"line":41,"column":4},"end":{"line":41,"column":43}},"type":"if","locations":[{"start":{"line":41,"column":4},"end":{"line":41,"column":43}}]},"10":{"loc":{"start":{"line":41,"column":8},"end":{"line":41,"column":21}},"type":"cond-expr","locations":[{"start":{"line":41,"column":11},"end":{"line":41,"column":13}},{"start":{"line":41,"column":8},"end":{"line":41,"column":21}}]},"11":{"loc":{"start":{"line":41,"column":8},"end":{"line":41,"column":13}},"type":"binary-expr","locations":[{"start":{"line":41,"column":8},"end":{"line":41,"column":13}},{"start":{"line":41,"column":8},"end":{"line":41,"column":13}}]},"12":{"loc":{"start":{"line":47,"column":4},"end":{"line":47,"column":71}},"type":"if","locations":[{"start":{"line":47,"column":4},"end":{"line":47,"column":71}}]},"13":{"loc":{"start":{"line":47,"column":15},"end":{"line":47,"column":32}},"type":"cond-expr","locations":[{"start":{"line":47,"column":22},"end":{"line":47,"column":24}},{"start":{"line":47,"column":15},"end":{"line":47,"column":32}}]},"14":{"loc":{"start":{"line":47,"column":15},"end":{"line":47,"column":24}},"type":"binary-expr","locations":[{"start":{"line":47,"column":15},"end":{"line":47,"column":24}},{"start":{"line":47,"column":15},"end":{"line":47,"column":24}}]},"15":{"loc":{"start":{"line":48,"column":4},"end":{"line":55,"column":5}},"type":"if","locations":[{"start":{"line":48,"column":4},"end":{"line":55,"column":5}}]},"16":{"loc":{"start":{"line":48,"column":8},"end":{"line":48,"column":28}},"type":"cond-expr","locations":[{"start":{"line":48,"column":21},"end":{"line":48,"column":23}},{"start":{"line":48,"column":21},"end":{"line":48,"column":28}}]},"17":{"loc":{"start":{"line":48,"column":8},"end":{"line":48,"column":23}},"type":"binary-expr","locations":[{"start":{"line":48,"column":8},"end":{"line":48,"column":23}},{"start":{"line":48,"column":21},"end":{"line":48,"column":23}}]},"18":{"loc":{"start":{"line":48,"column":8},"end":{"line":48,"column":21}},"type":"cond-expr","locations":[{"start":{"line":48,"column":15},"end":{"line":48,"column":17}},{"start":{"line":48,"column":8},"end":{"line":48,"column":21}}]},"19":{"loc":{"start":{"line":48,"column":8},"end":{"line":48,"column":17}},"type":"binary-expr","locations":[{"start":{"line":48,"column":8},"end":{"line":48,"column":17}},{"start":{"line":48,"column":8},"end":{"line":48,"column":17}}]},"20":{"loc":{"start":{"line":54,"column":6},"end":{"line":54,"column":45}},"type":"if","locations":[{"start":{"line":54,"column":6},"end":{"line":54,"column":45}}]},"21":{"loc":{"start":{"line":54,"column":10},"end":{"line":54,"column":23}},"type":"cond-expr","locations":[{"start":{"line":54,"column":13},"end":{"line":54,"column":15}},{"start":{"line":54,"column":10},"end":{"line":54,"column":23}}]},"22":{"loc":{"start":{"line":54,"column":10},"end":{"line":54,"column":15}},"type":"binary-expr","locations":[{"start":{"line":54,"column":10},"end":{"line":54,"column":15}},{"start":{"line":54,"column":10},"end":{"line":54,"column":15}}]}},"s":{"0":0,"1":0,"2":0,"3":0,"4":0,"5":0,"6":0,"7":0,"8":0,"9":0,"10":0,"11":0,"12":0,"13":0,"14":0,"15":0,"16":0,"17":0,"18":0,"19":0,"20":0,"21":0,"22":0,"23":0,"24":0,"25":0,"26":0,"27":0,"28":0,"29":0,"30":0,"31":0,"32":0},"f":{"0":0,"1":0},"b":{"0":[0],"1":[0],"2":[0,0],"3":[0,0],"4":[0,0],"5":[0],"6":[0,0],"7":[0],"8":[0],"9":[0],"10":[0,0],"11":[0,0],"12":[0],"13":[0,0],"14":[0,0],"15":[0],"16":[0,0],"17":[0,0],"18":[0,0],"19":[0,0],"20":[0],"21":[0,0],"22":[0,0]}}
,"/home/openclaw/projects/openclaw-mission-control/src/lib/xp.ts": {"path":"/home/openclaw/projects/openclaw-mission-control/src/lib/xp.ts","statementMap":{"0":{"start":{"line":21,"column":0},"end":{"line":21,"column":7}},"1":{"start":{"line":94,"column":0},"end":{"line":94,"column":7}},"2":{"start":{"line":103,"column":0},"end":{"line":103,"column":7}},"3":{"start":{"line":1,"column":0},"end":{"line":1,"column":43}},"4":{"start":{"line":2,"column":0},"end":{"line":2,"column":30}},"5":{"start":{"line":3,"column":0},"end":{"line":3,"column":60}},"6":{"start":{"line":5,"column":13},"end":{"line":9,"column":11}},"7":{"start":{"line":11,"column":19},"end":{"line":11,"column":38}},"8":{"start":{"line":14,"column":2},"end":{"line":14,"column":41}},"9":{"start":{"line":18,"column":2},"end":{"line":18,"column":42}},"10":{"start":{"line":22,"column":2},"end":{"line":91,"column":3}},"11":{"start":{"line":23,"column":4},"end":{"line":29,"column":7}},"12":{"start":{"line":31,"column":18},"end":{"line":31,"column":26}},"13":{"start":{"line":32,"column":23},"end":{"line":36,"column":15}},"14":{"start":{"line":38,"column":4},"end":{"line":56,"column":5}},"15":{"start":{"line":39,"column":6},"end":{"line":46,"column":9}},"16":{"start":{"line":48,"column":6},"end":{"line":54,"column":9}},"17":{"start":{"line":55,"column":6},"end":{"line":55,"column":13}},"18":{"start":{"line":58,"column":4},"end":{"line":60,"column":5}},"19":{"start":{"line":59,"column":6},"end":{"line":59,"column":13}},"20":{"start":{"line":62,"column":22},"end":{"line":62,"column":23}},"21":{"start":{"line":63,"column":4},"end":{"line":68,"column":5}},"22":{"start":{"line":64,"column":19},"end":{"line":64,"column":67}},"23":{"start":{"line":65,"column":18},"end":{"line":65,"column":46}},"24":{"start":{"line":66,"column":24},"end":{"line":66,"column":61}},"25":{"start":{"line":67,"column":6},"end":{"line":67,"column":69}},"26":{"start":{"line":70,"column":24},"end":{"line":70,"column":69}},"27":{"start":{"line":72,"column":4},"end":{"line":80,"column":42}},"28":{"start":{"line":82,"column":4},"end":{"line":88,"column":7}},"29":{"start":{"line":95,"column":19},"end":{"line":98,"column":43}},"30":{"start":{"line":100,"column":2},"end":{"line":100,"column":38}},"31":{"start":{"line":104,"column":22},"end":{"line":108,"column":13}},"32":{"start":{"line":110,"column":2},"end":{"line":110,"column":27}}},"fnMap":{"0":{"name":"utcDay","decl":{"start":{"line":13,"column":9},"end":{"line":13,"column":15}},"loc":{"start":{"line":13,"column":33},"end":{"line":15,"column":1}}},"1":{"name":"parseUtcDay","decl":{"start":{"line":17,"column":9},"end":{"line":17,"column":20}},"loc":{"start":{"line":17,"column":32},"end":{"line":19,"column":1}}},"2":{"name":"awardXp","decl":{"start":{"line":21,"column":22},"end":{"line":21,"column":29}},"loc":{"start":{"line":21,"column":94},"end":{"line":92,"column":1}}},"3":{"name":"getTenantTotalXp","decl":{"start":{"line":94,"column":22},"end":{"line":94,"column":38}},"loc":{"start":{"line":94,"column":55},"end":{"line":101,"column":1}}},"4":{"name":"getChallengeById","decl":{"start":{"line":103,"column":22},"end":{"line":103,"column":38}},"loc":{"start":{"line":103,"column":76},"end":{"line":111,"column":1}}}},"branchMap":{"0":{"loc":{"start":{"line":13,"column":16},"end":{"line":13,"column":33}},"type":"default-arg","locations":[{"start":{"line":13,"column":23},"end":{"line":13,"column":33}}]},"1":{"loc":{"start":{"line":28,"column":13},"end":{"line":28,"column":26}},"type":"cond-expr","locations":[{"start":{"line":28,"column":13},"end":{"line":28,"column":18}},{"start":{"line":28,"column":22},"end":{"line":28,"column":26}}]},"2":{"loc":{"start":{"line":28,"column":13},"end":{"line":28,"column":22}},"type":"binary-expr","locations":[{"start":{"line":28,"column":13},"end":{"line":28,"column":22}},{"start":{"line":28,"column":13},"end":{"line":28,"column":22}}]},"3":{"loc":{"start":{"line":38,"column":4},"end":{"line":56,"column":5}},"type":"if","locations":[{"start":{"line":38,"column":4},"end":{"line":56,"column":5}}]},"4":{"loc":{"start":{"line":58,"column":4},"end":{"line":60,"column":5}},"type":"if","locations":[{"start":{"line":58,"column":4},"end":{"line":60,"column":5}}]},"5":{"loc":{"start":{"line":63,"column":4},"end":{"line":68,"column":5}},"type":"if","locations":[{"start":{"line":63,"column":4},"end":{"line":68,"column":5}}]},"6":{"loc":{"start":{"line":67,"column":20},"end":{"line":67,"column":68}},"type":"cond-expr","locations":[{"start":{"line":67,"column":38},"end":{"line":67,"column":64}},{"start":{"line":67,"column":67},"end":{"line":67,"column":68}}]},"7":{"loc":{"start":{"line":100,"column":16},"end":{"line":100,"column":36}},"type":"cond-expr","locations":[{"start":{"line":100,"column":31},"end":{"line":100,"column":35}},{"start":{"line":100,"column":35},"end":{"line":100,"column":36}}]},"8":{"loc":{"start":{"line":100,"column":16},"end":{"line":100,"column":35}},"type":"binary-expr","locations":[{"start":{"line":100,"column":16},"end":{"line":100,"column":35}},{"start":{"line":100,"column":31},"end":{"line":100,"column":35}}]},"9":{"loc":{"start":{"line":100,"column":16},"end":{"line":100,"column":31}},"type":"cond-expr","locations":[{"start":{"line":100,"column":22},"end":{"line":100,"column":24}},{"start":{"line":100,"column":16},"end":{"line":100,"column":31}}]},"10":{"loc":{"start":{"line":100,"column":16},"end":{"line":100,"column":24}},"type":"binary-expr","locations":[{"start":{"line":100,"column":16},"end":{"line":100,"column":24}},{"start":{"line":100,"column":16},"end":{"line":100,"column":24}}]},"11":{"loc":{"start":{"line":110,"column":9},"end":{"line":110,"column":26}},"type":"cond-expr","locations":[{"start":{"line":110,"column":9},"end":{"line":110,"column":18}},{"start":{"line":110,"column":22},"end":{"line":110,"column":26}}]},"12":{"loc":{"start":{"line":110,"column":9},"end":{"line":110,"column":22}},"type":"binary-expr","locations":[{"start":{"line":110,"column":9},"end":{"line":110,"column":22}},{"start":{"line":110,"column":9},"end":{"line":110,"column":22}}]}},"s":{"0":1,"1":1,"2":1,"3":1,"4":1,"5":1,"6":1,"7":1,"8":3,"9":2,"10":4,"11":4,"12":3,"13":3,"14":3,"15":1,"16":1,"17":1,"18":2,"19":1,"20":1,"21":1,"22":1,"23":1,"24":1,"25":1,"26":1,"27":1,"28":1,"29":2,"30":2,"31":2,"32":2},"f":{"0":3,"1":2,"2":4,"3":2,"4":2},"b":{"0":[3],"1":[1,3],"2":[4,4],"3":[1],"4":[1],"5":[1],"6":[1,0],"7":[1,1],"8":[2,2],"9":[1,1],"10":[2,2],"11":[1,1],"12":[2,2]}}
}
