TN:
SF:src/lib/billing.ts
FN:14,getTenantPlan
FN:26,requirePlan
FN:41,getTenantSubscription
FN:69,isPlaceholderMode
FN:76,getTeamSeatCount
FN:82,upsertTenantSubscription
FN:112,cancelTenantSubscriptionByStripeId
FNF:7
FNH:7
FNDA:4,getTenantPlan
FNDA:2,requirePlan
FNDA:3,getTenantSubscription
FNDA:3,isPlaceholderMode
FNDA:3,getTeamSeatCount
FNDA:1,upsertTenantSubscription
FNDA:2,cancelTenantSubscriptionByStripeId
DA:1,1
DA:2,1
DA:3,1
DA:8,1
DA:14,1
DA:15,4
DA:21,4
DA:22,4
DA:23,2
DA:26,1
DA:27,2
DA:28,2
DA:41,1
DA:42,3
DA:48,3
DA:49,1
DA:60,2
DA:61,2
DA:69,1
DA:70,3
DA:71,3
DA:74,1
DA:76,1
DA:77,3
DA:78,3
DA:79,2
DA:82,1
DA:91,1
DA:92,1
DA:103,1
DA:112,1
DA:113,2
DA:119,2
DA:121,1
LF:34
LH:34
BRDA:21,0,0,0
BRDA:21,0,1,4
BRDA:21,1,0,4
BRDA:21,1,1,4
BRDA:22,2,0,2
BRDA:22,3,0,4
BRDA:22,3,1,3
BRDA:48,4,0,1
BRDA:63,5,0,1
BRDA:63,5,1,1
BRDA:63,6,0,2
BRDA:63,6,1,2
BRDA:64,7,0,1
BRDA:64,7,1,1
BRDA:64,8,0,2
BRDA:64,8,1,1
BRDA:65,9,0,1
BRDA:65,9,1,1
BRDA:65,10,0,2
BRDA:65,10,1,1
BRDA:70,11,0,3
BRDA:70,11,1,0
BRDA:70,12,0,3
BRDA:70,12,1,3
BRDA:71,13,0,3
BRDA:71,13,1,3
BRDA:77,14,0,3
BRDA:77,14,1,0
BRDA:77,15,0,3
BRDA:77,15,1,3
BRDA:78,16,0,1
BRDA:95,17,0,1
BRDA:95,17,1,0
BRDA:95,18,0,1
BRDA:95,18,1,1
BRDA:96,19,0,0
BRDA:96,19,1,1
BRDA:96,20,0,1
BRDA:96,20,1,1
BRDA:97,21,0,0
BRDA:97,21,1,1
BRDA:97,22,0,1
BRDA:97,22,1,1
BRDA:98,23,0,0
BRDA:98,23,1,1
BRDA:98,24,0,1
BRDA:98,24,1,1
BRDA:99,25,0,0
BRDA:99,25,1,1
BRDA:99,26,0,1
BRDA:99,26,1,1
BRDA:119,27,0,1
BRF:52
BRH:44
end_of_record
TN:
SF:src/lib/streak.ts
FN:14,utcDay
FN:18,parseUtcDay
FN:22,updateStreakForActivity
FNF:3
FNH:3
FNDA:3,utcDay
FNDA:2,parseUtcDay
FNDA:3,updateStreakForActivity
DA:1,1
DA:2,1
DA:3,1
DA:4,1
DA:12,1
DA:15,3
DA:19,2
DA:22,1
DA:23,3
DA:25,3
DA:31,3
DA:32,1
DA:44,1
DA:46,1
DA:49,2
DA:50,1
DA:57,1
DA:58,1
DA:59,1
DA:60,1
DA:61,1
DA:62,1
DA:65,1
DA:67,1
DA:78,1
DA:80,1
LF:26
LH:26
BRDA:14,0,0,3
BRDA:31,1,0,1
BRDA:49,2,0,1
BRDA:58,3,0,1
BRDA:62,4,0,1
BRDA:62,4,1,0
BRF:6
BRH:5
end_of_record
TN:
SF:src/lib/tenant.ts
FN:10,getTenantId
FN:29,resolveTenantId
FNF:2
FNH:0
FNDA:0,getTenantId
FNDA:0,resolveTenantId
DA:2,0
DA:3,0
DA:4,0
DA:5,0
DA:10,0
DA:11,0
DA:12,0
DA:13,0
DA:14,0
DA:17,0
DA:18,0
DA:19,0
DA:21,0
DA:29,0
DA:30,0
DA:31,0
DA:34,0
DA:35,0
DA:36,0
DA:41,0
DA:45,0
DA:46,0
DA:47,0
DA:48,0
DA:49,0
DA:54,0
DA:60,0
LF:27
LH:0
BRDA:12,0,0,0
BRDA:14,1,0,0
BRDA:14,2,0,0
BRDA:14,2,1,0
BRDA:17,3,0,0
BRDA:17,3,1,0
BRDA:17,4,0,0
BRDA:17,4,1,0
BRDA:19,5,0,0
BRDA:19,6,0,0
BRDA:19,6,1,0
BRDA:31,7,0,0
BRDA:35,8,0,0
BRDA:41,9,0,0
BRDA:41,10,0,0
BRDA:41,10,1,0
BRDA:41,11,0,0
BRDA:41,11,1,0
BRDA:47,12,0,0
BRDA:47,13,0,0
BRDA:47,13,1,0
BRDA:47,14,0,0
BRDA:47,14,1,0
BRDA:48,15,0,0
BRDA:48,16,0,0
BRDA:48,16,1,0
BRDA:48,17,0,0
BRDA:48,17,1,0
BRDA:48,18,0,0
BRDA:48,18,1,0
BRDA:48,19,0,0
BRDA:48,19,1,0
BRDA:54,20,0,0
BRDA:54,21,0,0
BRDA:54,21,1,0
BRDA:54,22,0,0
BRDA:54,22,1,0
BRF:37
BRH:0
end_of_record
TN:
SF:src/lib/xp.ts
FN:13,utcDay
FN:17,parseUtcDay
FN:21,awardXp
FN:94,getTenantTotalXp
FN:103,getChallengeById
FNF:5
FNH:5
FNDA:3,utcDay
FNDA:2,parseUtcDay
FNDA:4,awardXp
FNDA:2,getTenantTotalXp
FNDA:2,getChallengeById
DA:1,1
DA:2,1
DA:3,1
DA:5,1
DA:11,1
DA:14,3
DA:18,2
DA:21,1
DA:22,4
DA:23,4
DA:31,3
DA:32,3
DA:38,3
DA:39,1
DA:48,1
DA:55,1
DA:58,2
DA:59,1
DA:62,1
DA:63,1
DA:64,1
DA:65,1
DA:66,1
DA:67,1
DA:70,1
DA:72,1
DA:82,1
DA:94,1
DA:95,2
DA:100,2
DA:103,1
DA:104,2
DA:110,2
LF:33
LH:33
BRDA:13,0,0,3
BRDA:28,1,0,1
BRDA:28,1,1,3
BRDA:28,2,0,4
BRDA:28,2,1,4
BRDA:38,3,0,1
BRDA:58,4,0,1
BRDA:63,5,0,1
BRDA:67,6,0,1
BRDA:67,6,1,0
BRDA:100,7,0,1
BRDA:100,7,1,1
BRDA:100,8,0,2
BRDA:100,8,1,2
BRDA:100,9,0,1
BRDA:100,9,1,1
BRDA:100,10,0,2
BRDA:100,10,1,2
BRDA:110,11,0,1
BRDA:110,11,1,1
BRDA:110,12,0,2
BRDA:110,12,1,2
BRF:22
BRH:21
end_of_record
